<?xml version="1.0" encoding="UTF-8"?>
<testng-results skipped="0" failed="0" ignored="0" total="2" passed="2">
  <reporter-output>
    <line>
      <![CDATA[Alert not found]]>
    </line>
  </reporter-output>
  <suite name="Default suite" duration-ms="23850" started-at="2019-11-15T05:18:29Z" finished-at="2019-11-15T05:18:53Z">
    <groups>
    </groups>
    <test name="Default test" duration-ms="23850" started-at="2019-11-15T05:18:29Z" finished-at="2019-11-15T05:18:53Z">
      <class name="pageObjects.Login">
        <test-method status="PASS" signature="login()[pri:1, instance:pageObjects.Login@146ba0ac]" name="login" duration-ms="9776" started-at="2019-11-15T05:18:29Z" finished-at="2019-11-15T05:18:39Z">
          <reporter-output>
            <line>
              <![CDATA[Alert not found]]>
            </line>
          </reporter-output>
        </test-method> <!-- login -->
        <test-method status="PASS" signature="logOut()[pri:2, instance:pageObjects.Login@146ba0ac]" name="logOut" duration-ms="14043" started-at="2019-11-15T05:18:39Z" finished-at="2019-11-15T05:18:53Z">
          <reporter-output>
          </reporter-output>
        </test-method> <!-- logOut -->
      </class> <!-- pageObjects.Login -->
    </test> <!-- Default test -->
  </suite> <!-- Default suite -->
</testng-results>
